<?xml version="1.0" encoding="UTF-8"?>
<!-- Generated by org.testng.reporters.JUnitXMLReporter -->
<testsuite ignored="0" hostname="DESKTOP-HETPTKQ" failures="0" tests="9" name="Test" time="213.518" errors="0" timestamp="2026-06-10T10:51:28 IST">
  <testcase classname="tests.DragAndDropTest" name="verifyDragAndDrop" time="2.585"/>
  <testcase classname="tests.DoubleClickTest" name="verifyDoubleClick" time="4.372"/>
  <testcase classname="tests.AlertTest" name="verifyAlerts" time="12.809"/>
  <testcase classname="tests.FormTest" name="verifyFormSubmission" time="10.729"/>
  <testcase classname="tests.DatePickerTest" name="verifyDatePickers" time="2.686"/>
  <testcase classname="tests.FileUploadTest" name="verifyFileUpload" time="0.751"/>
  <testcase classname="tests.SliderTest" name="verifySlider" time="2.578"/>
  <testcase classname="tests.WindowHandlingTest" name="verifyWindowHandling" time="7.801"/>
  <testcase classname="tests.MouseHoverTest" name="verifyMouseHover" time="5.267"/>
</testsuite> <!-- Test -->
