<?xml version="1.0" encoding="UTF-8"?>
<!-- Generated by org.testng.reporters.JUnitXMLReporter -->
<testsuite ignored="0" hostname="DESKTOP-HETPTKQ" failures="0" tests="18" name="AutomationTests" time="319.353" errors="0" timestamp="2026-06-16T15:21:45 IST">
  <testcase classname="tests.FormTest" name="verifyFormSubmission" time="9.434"/>
  <testcase classname="tests.DatePickerTest" name="verifyDatePickers" time="1.492"/>
  <testcase classname="tests.FileUploadTest" name="verifyFileUpload" time="0.347"/>
  <testcase classname="tests.AlertTest" name="verifyAlerts" time="12.529"/>
  <testcase classname="tests.MouseHoverTest" name="verifyMouseHover" time="5.251"/>
  <testcase classname="tests.DoubleClickTest" name="verifyDoubleClick" time="4.27"/>
  <testcase classname="tests.DragAndDropTest" name="verifyDragAndDrop" time="2.399"/>
  <testcase classname="tests.SliderTest" name="verifySlider" time="2.514"/>
  <testcase classname="tests.WindowHandlingTest" name="verifyWindowHandling" time="6.481"/>
  <testcase classname="tests.PaginationTableTest" name="verifyPaginationTable" time="5.488"/>
  <testcase classname="tests.WikipediaTest" name="verifyWikipediaSearch" time="2.55"/>
  <testcase classname="tests.DynamicButtonTest" name="verifyDynamicButton" time="0.179"/>
  <testcase classname="tests.HiddenElementsTest" name="verifyHiddenElements" time="10.422"/>
  <testcase classname="tests.AjaxTest" name="verifyAjaxContent" time="9.87"/>
  <testcase classname="tests.BrokenLinksTest" name="verifyBrokenLinks" time="29.276"/>
  <testcase classname="tests.SVGTest" name="verifySVGElement" time="0.107"/>
  <testcase classname="tests.ScrollingDropdownTest" name="verifyScrollingDropdown" time="2.543"/>
  <testcase classname="tests.PagesSectionTest" name="verifyPagesSection" time="35.718"/>
</testsuite> <!-- AutomationTests -->
