<?xml version="1.0" encoding="UTF-8"?>
<!-- Generated by org.testng.reporters.JUnitXMLReporter -->
<testsuite ignored="0" hostname="DESKTOP-HETPTKQ" failures="0" tests="18" name="AutomationTests" time="364.562" errors="0" timestamp="2026-06-15T17:44:17 IST">
  <testcase classname="tests.FormTest" name="verifyFormSubmission" time="9.484"/>
  <testcase classname="tests.DatePickerTest" name="verifyDatePickers" time="1.523"/>
  <testcase classname="tests.FileUploadTest" name="verifyFileUpload" time="0.495"/>
  <testcase classname="tests.AlertTest" name="verifyAlerts" time="12.672"/>
  <testcase classname="tests.MouseHoverTest" name="verifyMouseHover" time="5.271"/>
  <testcase classname="tests.DoubleClickTest" name="verifyDoubleClick" time="4.401"/>
  <testcase classname="tests.DragAndDropTest" name="verifyDragAndDrop" time="2.49"/>
  <testcase classname="tests.SliderTest" name="verifySlider" time="2.505"/>
  <testcase classname="tests.WindowHandlingTest" name="verifyWindowHandling" time="7.208"/>
  <testcase classname="tests.PaginationTableTest" name="verifyPaginationTable" time="8.623"/>
  <testcase classname="tests.WikipediaTest" name="verifyWikipediaSearch" time="2.593"/>
  <testcase classname="tests.DynamicButtonTest" name="verifyDynamicButton" time="0.459"/>
  <testcase classname="tests.HiddenElementsTest" name="verifyHiddenElements" time="11.855"/>
  <testcase classname="tests.AjaxTest" name="verifyAjaxContent" time="10.371"/>
  <testcase classname="tests.BrokenLinksTest" name="verifyBrokenLinks" time="24.052"/>
  <testcase classname="tests.SVGTest" name="verifySVGElement" time="0.097"/>
  <testcase classname="tests.ScrollingDropdownTest" name="verifyScrollingDropdown" time="2.711"/>
  <testcase classname="tests.PagesSectionTest" name="verifyPagesSection" time="36.75"/>
</testsuite> <!-- AutomationTests -->
