<?xml version="1.0" encoding="UTF-8"?>
<testng-results ignored="0" total="18" passed="18" failed="0" skipped="0">
  <reporter-output>
  </reporter-output>
  <suite started-at="2026-06-16T15:16:25 IST" name="AutomationSuite" finished-at="2026-06-16T15:21:45 IST" duration-ms="319353">
    <groups>
    </groups>
    <test started-at="2026-06-16T15:16:25 IST" name="AutomationTests" finished-at="2026-06-16T15:21:45 IST" duration-ms="319353">
      <class name="tests.MouseHoverTest">
        <test-method is-config="true" signature="setUp()[pri:0, instance:tests.MouseHoverTest@53f3bdbd]" started-at="2026-06-16T15:17:33 IST" name="setUp" finished-at="2026-06-16T15:17:40 IST" duration-ms="6829" status="PASS">
          <reporter-output>
          </reporter-output>
        </test-method> <!-- setUp -->
        <test-method signature="verifyMouseHover()[pri:0, instance:tests.MouseHoverTest@53f3bdbd]" started-at="2026-06-16T15:17:40 IST" name="verifyMouseHover" finished-at="2026-06-16T15:17:45 IST" duration-ms="5251" status="PASS">
          <reporter-output>
          </reporter-output>
        </test-method> <!-- verifyMouseHover -->
        <test-method is-config="true" signature="tearDown()[pri:0, instance:tests.MouseHoverTest@53f3bdbd]" started-at="2026-06-16T15:17:45 IST" name="tearDown" finished-at="2026-06-16T15:17:47 IST" duration-ms="1809" status="PASS">
          <reporter-output>
          </reporter-output>
        </test-method> <!-- tearDown -->
      </class> <!-- tests.MouseHoverTest -->
      <class name="tests.DynamicButtonTest">
        <test-method is-config="true" signature="setUp()[pri:0, instance:tests.DynamicButtonTest@4ef74c30]" started-at="2026-06-16T15:19:05 IST" name="setUp" finished-at="2026-06-16T15:19:12 IST" duration-ms="7181" status="PASS">
          <reporter-output>
          </reporter-output>
        </test-method> <!-- setUp -->
        <test-method signature="verifyDynamicButton()[pri:0, instance:tests.DynamicButtonTest@4ef74c30]" started-at="2026-06-16T15:19:12 IST" name="verifyDynamicButton" finished-at="2026-06-16T15:19:12 IST" duration-ms="179" status="PASS">
          <reporter-output>
          </reporter-output>
        </test-method> <!-- verifyDynamicButton -->
        <test-method is-config="true" signature="tearDown()[pri:0, instance:tests.DynamicButtonTest@4ef74c30]" started-at="2026-06-16T15:19:12 IST" name="tearDown" finished-at="2026-06-16T15:19:13 IST" duration-ms="1554" status="PASS">
          <reporter-output>
          </reporter-output>
        </test-method> <!-- tearDown -->
      </class> <!-- tests.DynamicButtonTest -->
      <class name="tests.BrokenLinksTest">
        <test-method is-config="true" signature="setUp()[pri:0, instance:tests.BrokenLinksTest@4bff7da0]" started-at="2026-06-16T15:19:52 IST" name="setUp" finished-at="2026-06-16T15:20:00 IST" duration-ms="8226" status="PASS">
          <reporter-output>
          </reporter-output>
        </test-method> <!-- setUp -->
        <test-method signature="verifyBrokenLinks()[pri:0, instance:tests.BrokenLinksTest@4bff7da0]" started-at="2026-06-16T15:20:00 IST" name="verifyBrokenLinks" finished-at="2026-06-16T15:20:29 IST" duration-ms="29276" status="PASS">
          <reporter-output>
          </reporter-output>
        </test-method> <!-- verifyBrokenLinks -->
        <test-method is-config="true" signature="tearDown()[pri:0, instance:tests.BrokenLinksTest@4bff7da0]" started-at="2026-06-16T15:20:29 IST" name="tearDown" finished-at="2026-06-16T15:20:32 IST" duration-ms="2368" status="PASS">
          <reporter-output>
          </reporter-output>
        </test-method> <!-- tearDown -->
      </class> <!-- tests.BrokenLinksTest -->
      <class name="tests.PagesSectionTest">
        <test-method is-config="true" signature="setUp()[pri:0, instance:tests.PagesSectionTest@47c81abf]" started-at="2026-06-16T15:20:55 IST" name="setUp" finished-at="2026-06-16T15:21:05 IST" duration-ms="9529" status="PASS">
          <reporter-output>
          </reporter-output>
        </test-method> <!-- setUp -->
        <test-method signature="verifyPagesSection()[pri:0, instance:tests.PagesSectionTest@47c81abf]" started-at="2026-06-16T15:21:05 IST" name="verifyPagesSection" finished-at="2026-06-16T15:21:40 IST" duration-ms="35718" status="PASS">
          <reporter-output>
          </reporter-output>
        </test-method> <!-- verifyPagesSection -->
        <test-method is-config="true" signature="tearDown()[pri:0, instance:tests.PagesSectionTest@47c81abf]" started-at="2026-06-16T15:21:40 IST" name="tearDown" finished-at="2026-06-16T15:21:45 IST" duration-ms="4057" status="PASS">
          <reporter-output>
          </reporter-output>
        </test-method> <!-- tearDown -->
      </class> <!-- tests.PagesSectionTest -->
      <class name="tests.SVGTest">
        <test-method is-config="true" signature="setUp()[pri:0, instance:tests.SVGTest@3f1d2e23]" started-at="2026-06-16T15:20:32 IST" name="setUp" finished-at="2026-06-16T15:20:40 IST" duration-ms="7915" status="PASS">
          <reporter-output>
          </reporter-output>
        </test-method> <!-- setUp -->
        <test-method signature="verifySVGElement()[pri:0, instance:tests.SVGTest@3f1d2e23]" started-at="2026-06-16T15:20:40 IST" name="verifySVGElement" finished-at="2026-06-16T15:20:40 IST" duration-ms="107" status="PASS">
          <reporter-output>
          </reporter-output>
        </test-method> <!-- verifySVGElement -->
        <test-method is-config="true" signature="tearDown()[pri:0, instance:tests.SVGTest@3f1d2e23]" started-at="2026-06-16T15:20:40 IST" name="tearDown" finished-at="2026-06-16T15:20:42 IST" duration-ms="1680" status="PASS">
          <reporter-output>
          </reporter-output>
        </test-method> <!-- tearDown -->
      </class> <!-- tests.SVGTest -->
      <class name="tests.WikipediaTest">
        <test-method is-config="true" signature="setUp()[pri:0, instance:tests.WikipediaTest@3e62d773]" started-at="2026-06-16T15:18:53 IST" name="setUp" finished-at="2026-06-16T15:19:00 IST" duration-ms="6870" status="PASS">
          <reporter-output>
          </reporter-output>
        </test-method> <!-- setUp -->
        <test-method signature="verifyWikipediaSearch()[pri:0, instance:tests.WikipediaTest@3e62d773]" started-at="2026-06-16T15:19:00 IST" name="verifyWikipediaSearch" finished-at="2026-06-16T15:19:03 IST" duration-ms="2550" status="PASS">
          <reporter-output>
          </reporter-output>
        </test-method> <!-- verifyWikipediaSearch -->
        <test-method is-config="true" signature="tearDown()[pri:0, instance:tests.WikipediaTest@3e62d773]" started-at="2026-06-16T15:19:03 IST" name="tearDown" finished-at="2026-06-16T15:19:05 IST" duration-ms="1650" status="PASS">
          <reporter-output>
          </reporter-output>
        </test-method> <!-- tearDown -->
      </class> <!-- tests.WikipediaTest -->
      <class name="tests.AjaxTest">
        <test-method is-config="true" signature="setUp()[pri:0, instance:tests.AjaxTest@638ef7ed]" started-at="2026-06-16T15:19:33 IST" name="setUp" finished-at="2026-06-16T15:19:40 IST" duration-ms="6994" status="PASS">
          <reporter-output>
          </reporter-output>
        </test-method> <!-- setUp -->
        <test-method signature="verifyAjaxContent()[pri:0, instance:tests.AjaxTest@638ef7ed]" started-at="2026-06-16T15:19:40 IST" name="verifyAjaxContent" finished-at="2026-06-16T15:19:50 IST" duration-ms="9870" status="PASS">
          <reporter-output>
          </reporter-output>
        </test-method> <!-- verifyAjaxContent -->
        <test-method is-config="true" signature="tearDown()[pri:0, instance:tests.AjaxTest@638ef7ed]" started-at="2026-06-16T15:19:50 IST" name="tearDown" finished-at="2026-06-16T15:19:52 IST" duration-ms="1950" status="PASS">
          <reporter-output>
          </reporter-output>
        </test-method> <!-- tearDown -->
      </class> <!-- tests.AjaxTest -->
      <class name="tests.SliderTest">
        <test-method is-config="true" signature="setUp()[pri:0, instance:tests.SliderTest@222a59e6]" started-at="2026-06-16T15:18:11 IST" name="setUp" finished-at="2026-06-16T15:18:19 IST" duration-ms="7373" status="PASS">
          <reporter-output>
          </reporter-output>
        </test-method> <!-- setUp -->
        <test-method signature="verifySlider()[pri:0, instance:tests.SliderTest@222a59e6]" started-at="2026-06-16T15:18:19 IST" name="verifySlider" finished-at="2026-06-16T15:18:21 IST" duration-ms="2514" status="PASS">
          <reporter-output>
          </reporter-output>
        </test-method> <!-- verifySlider -->
        <test-method is-config="true" signature="tearDown()[pri:0, instance:tests.SliderTest@222a59e6]" started-at="2026-06-16T15:18:21 IST" name="tearDown" finished-at="2026-06-16T15:18:23 IST" duration-ms="1815" status="PASS">
          <reporter-output>
          </reporter-output>
        </test-method> <!-- tearDown -->
      </class> <!-- tests.SliderTest -->
      <class name="tests.DoubleClickTest">
        <test-method is-config="true" signature="setUp()[pri:0, instance:tests.DoubleClickTest@34129c78]" started-at="2026-06-16T15:17:47 IST" name="setUp" finished-at="2026-06-16T15:17:53 IST" duration-ms="6543" status="PASS">
          <reporter-output>
          </reporter-output>
        </test-method> <!-- setUp -->
        <test-method signature="verifyDoubleClick()[pri:0, instance:tests.DoubleClickTest@34129c78]" started-at="2026-06-16T15:17:53 IST" name="verifyDoubleClick" finished-at="2026-06-16T15:17:57 IST" duration-ms="4270" status="PASS">
          <reporter-output>
          </reporter-output>
        </test-method> <!-- verifyDoubleClick -->
        <test-method is-config="true" signature="tearDown()[pri:0, instance:tests.DoubleClickTest@34129c78]" started-at="2026-06-16T15:17:57 IST" name="tearDown" finished-at="2026-06-16T15:17:59 IST" duration-ms="1767" status="PASS">
          <reporter-output>
          </reporter-output>
        </test-method> <!-- tearDown -->
      </class> <!-- tests.DoubleClickTest -->
      <class name="tests.PaginationTableTest">
        <test-method is-config="true" signature="setUp()[pri:0, instance:tests.PaginationTableTest@4c2bb6e0]" started-at="2026-06-16T15:18:39 IST" name="setUp" finished-at="2026-06-16T15:18:46 IST" duration-ms="6907" status="PASS">
          <reporter-output>
          </reporter-output>
        </test-method> <!-- setUp -->
        <test-method signature="verifyPaginationTable()[pri:0, instance:tests.PaginationTableTest@4c2bb6e0]" started-at="2026-06-16T15:18:46 IST" name="verifyPaginationTable" finished-at="2026-06-16T15:18:52 IST" duration-ms="5488" status="PASS">
          <reporter-output>
          </reporter-output>
        </test-method> <!-- verifyPaginationTable -->
        <test-method is-config="true" signature="tearDown()[pri:0, instance:tests.PaginationTableTest@4c2bb6e0]" started-at="2026-06-16T15:18:52 IST" name="tearDown" finished-at="2026-06-16T15:18:53 IST" duration-ms="1792" status="PASS">
          <reporter-output>
          </reporter-output>
        </test-method> <!-- tearDown -->
      </class> <!-- tests.PaginationTableTest -->
      <class name="tests.HiddenElementsTest">
        <test-method is-config="true" signature="setUp()[pri:0, instance:tests.HiddenElementsTest@7283d3eb]" started-at="2026-06-16T15:19:13 IST" name="setUp" finished-at="2026-06-16T15:19:21 IST" duration-ms="7080" status="PASS">
          <reporter-output>
          </reporter-output>
        </test-method> <!-- setUp -->
        <test-method signature="verifyHiddenElements()[pri:0, instance:tests.HiddenElementsTest@7283d3eb]" started-at="2026-06-16T15:19:21 IST" name="verifyHiddenElements" finished-at="2026-06-16T15:19:31 IST" duration-ms="10422" status="PASS">
          <reporter-output>
          </reporter-output>
        </test-method> <!-- verifyHiddenElements -->
        <test-method is-config="true" signature="tearDown()[pri:0, instance:tests.HiddenElementsTest@7283d3eb]" started-at="2026-06-16T15:19:31 IST" name="tearDown" finished-at="2026-06-16T15:19:33 IST" duration-ms="2163" status="PASS">
          <reporter-output>
          </reporter-output>
        </test-method> <!-- tearDown -->
      </class> <!-- tests.HiddenElementsTest -->
      <class name="tests.WindowHandlingTest">
        <test-method is-config="true" signature="setUp()[pri:0, instance:tests.WindowHandlingTest@6c7a164b]" started-at="2026-06-16T15:18:23 IST" name="setUp" finished-at="2026-06-16T15:18:31 IST" duration-ms="7641" status="PASS">
          <reporter-output>
          </reporter-output>
        </test-method> <!-- setUp -->
        <test-method signature="verifyWindowHandling()[pri:0, instance:tests.WindowHandlingTest@6c7a164b]" started-at="2026-06-16T15:18:31 IST" name="verifyWindowHandling" finished-at="2026-06-16T15:18:37 IST" duration-ms="6481" status="PASS">
          <reporter-output>
          </reporter-output>
        </test-method> <!-- verifyWindowHandling -->
        <test-method is-config="true" signature="tearDown()[pri:0, instance:tests.WindowHandlingTest@6c7a164b]" started-at="2026-06-16T15:18:37 IST" name="tearDown" finished-at="2026-06-16T15:18:39 IST" duration-ms="2082" status="PASS">
          <reporter-output>
          </reporter-output>
        </test-method> <!-- tearDown -->
      </class> <!-- tests.WindowHandlingTest -->
      <class name="tests.FileUploadTest">
        <test-method is-config="true" signature="setUp()[pri:0, instance:tests.FileUploadTest@62656be4]" started-at="2026-06-16T15:17:00 IST" name="setUp" finished-at="2026-06-16T15:17:08 IST" duration-ms="7227" status="PASS">
          <reporter-output>
          </reporter-output>
        </test-method> <!-- setUp -->
        <test-method signature="verifyFileUpload()[pri:0, instance:tests.FileUploadTest@62656be4]" started-at="2026-06-16T15:17:08 IST" name="verifyFileUpload" finished-at="2026-06-16T15:17:08 IST" duration-ms="347" status="PASS">
          <reporter-output>
          </reporter-output>
        </test-method> <!-- verifyFileUpload -->
        <test-method is-config="true" signature="tearDown()[pri:0, instance:tests.FileUploadTest@62656be4]" started-at="2026-06-16T15:17:08 IST" name="tearDown" finished-at="2026-06-16T15:17:09 IST" duration-ms="1536" status="PASS">
          <reporter-output>
          </reporter-output>
        </test-method> <!-- tearDown -->
      </class> <!-- tests.FileUploadTest -->
      <class name="tests.AlertTest">
        <test-method is-config="true" signature="setUp()[pri:0, instance:tests.AlertTest@17d919b6]" started-at="2026-06-16T15:17:09 IST" name="setUp" finished-at="2026-06-16T15:17:18 IST" duration-ms="8849" status="PASS">
          <reporter-output>
          </reporter-output>
        </test-method> <!-- setUp -->
        <test-method signature="verifyAlerts()[pri:0, instance:tests.AlertTest@17d919b6]" started-at="2026-06-16T15:17:18 IST" name="verifyAlerts" finished-at="2026-06-16T15:17:31 IST" duration-ms="12529" status="PASS">
          <reporter-output>
          </reporter-output>
        </test-method> <!-- verifyAlerts -->
        <test-method is-config="true" signature="tearDown()[pri:0, instance:tests.AlertTest@17d919b6]" started-at="2026-06-16T15:17:31 IST" name="tearDown" finished-at="2026-06-16T15:17:33 IST" duration-ms="1928" status="PASS">
          <reporter-output>
          </reporter-output>
        </test-method> <!-- tearDown -->
      </class> <!-- tests.AlertTest -->
      <class name="tests.FormTest">
        <test-method is-config="true" signature="setUp()[pri:0, instance:tests.FormTest@15d49048]" started-at="2026-06-16T15:16:26 IST" name="setUp" finished-at="2026-06-16T15:16:37 IST" duration-ms="11121" status="PASS">
          <reporter-output>
          </reporter-output>
        </test-method> <!-- setUp -->
        <test-method signature="verifyFormSubmission(java.lang.String,java.lang.String,java.lang.String,java.lang.String)[pri:0, instance:tests.FormTest@15d49048]" started-at="2026-06-16T15:16:37 IST" name="verifyFormSubmission" data-provider="formData" finished-at="2026-06-16T15:16:46 IST" duration-ms="9434" status="PASS">
          <params>
            <param index="0">
              <value>
                <![CDATA[Sourav Nayak]]>
              </value>
            </param>
            <param index="1">
              <value>
                <![CDATA[sourav@gmail.com]]>
              </value>
            </param>
            <param index="2">
              <value>
                <![CDATA[9876543210]]>
              </value>
            </param>
            <param index="3">
              <value>
                <![CDATA[Bhubaneswar]]>
              </value>
            </param>
          </params>
          <reporter-output>
          </reporter-output>
        </test-method> <!-- verifyFormSubmission -->
        <test-method is-config="true" signature="tearDown()[pri:0, instance:tests.FormTest@15d49048]" started-at="2026-06-16T15:16:46 IST" name="tearDown" finished-at="2026-06-16T15:16:50 IST" duration-ms="3514" status="PASS">
          <reporter-output>
          </reporter-output>
        </test-method> <!-- tearDown -->
      </class> <!-- tests.FormTest -->
      <class name="tests.DragAndDropTest">
        <test-method is-config="true" signature="setUp()[pri:0, instance:tests.DragAndDropTest@7d61eb55]" started-at="2026-06-16T15:17:59 IST" name="setUp" finished-at="2026-06-16T15:18:07 IST" duration-ms="8274" status="PASS">
          <reporter-output>
          </reporter-output>
        </test-method> <!-- setUp -->
        <test-method signature="verifyDragAndDrop()[pri:0, instance:tests.DragAndDropTest@7d61eb55]" started-at="2026-06-16T15:18:07 IST" name="verifyDragAndDrop" finished-at="2026-06-16T15:18:10 IST" duration-ms="2399" status="PASS">
          <reporter-output>
          </reporter-output>
        </test-method> <!-- verifyDragAndDrop -->
        <test-method is-config="true" signature="tearDown()[pri:0, instance:tests.DragAndDropTest@7d61eb55]" started-at="2026-06-16T15:18:10 IST" name="tearDown" finished-at="2026-06-16T15:18:11 IST" duration-ms="1505" status="PASS">
          <reporter-output>
          </reporter-output>
        </test-method> <!-- tearDown -->
      </class> <!-- tests.DragAndDropTest -->
      <class name="tests.DatePickerTest">
        <test-method is-config="true" signature="setUp()[pri:0, instance:tests.DatePickerTest@376a0d86]" started-at="2026-06-16T15:16:50 IST" name="setUp" finished-at="2026-06-16T15:16:57 IST" duration-ms="7283" status="PASS">
          <reporter-output>
          </reporter-output>
        </test-method> <!-- setUp -->
        <test-method signature="verifyDatePickers()[pri:0, instance:tests.DatePickerTest@376a0d86]" started-at="2026-06-16T15:16:57 IST" name="verifyDatePickers" finished-at="2026-06-16T15:16:59 IST" duration-ms="1492" status="PASS">
          <reporter-output>
          </reporter-output>
        </test-method> <!-- verifyDatePickers -->
        <test-method is-config="true" signature="tearDown()[pri:0, instance:tests.DatePickerTest@376a0d86]" started-at="2026-06-16T15:16:59 IST" name="tearDown" finished-at="2026-06-16T15:17:00 IST" duration-ms="1702" status="PASS">
          <reporter-output>
          </reporter-output>
        </test-method> <!-- tearDown -->
      </class> <!-- tests.DatePickerTest -->
      <class name="tests.ScrollingDropdownTest">
        <test-method is-config="true" signature="setUp()[pri:0, instance:tests.ScrollingDropdownTest@536dbea0]" started-at="2026-06-16T15:20:42 IST" name="setUp" finished-at="2026-06-16T15:20:48 IST" duration-ms="6902" status="PASS">
          <reporter-output>
          </reporter-output>
        </test-method> <!-- setUp -->
        <test-method signature="verifyScrollingDropdown()[pri:0, instance:tests.ScrollingDropdownTest@536dbea0]" started-at="2026-06-16T15:20:48 IST" name="verifyScrollingDropdown" finished-at="2026-06-16T15:20:51 IST" duration-ms="2543" status="PASS">
          <reporter-output>
          </reporter-output>
        </test-method> <!-- verifyScrollingDropdown -->
        <test-method is-config="true" signature="tearDown()[pri:0, instance:tests.ScrollingDropdownTest@536dbea0]" started-at="2026-06-16T15:20:51 IST" name="tearDown" finished-at="2026-06-16T15:20:55 IST" duration-ms="4228" status="PASS">
          <reporter-output>
          </reporter-output>
        </test-method> <!-- tearDown -->
      </class> <!-- tests.ScrollingDropdownTest -->
    </test> <!-- AutomationTests -->
  </suite> <!-- AutomationSuite -->
</testng-results>
