<?xml version="1.0" encoding="UTF-8"?>
<testng-results ignored="0" total="1" passed="1" failed="0" skipped="0">
  <reporter-output>
  </reporter-output>
  <suite started-at="2026-06-13T11:27:21 IST" name="Default suite" finished-at="2026-06-13T11:28:06 IST" duration-ms="44894">
    <groups>
    </groups>
    <test started-at="2026-06-13T11:27:21 IST" name="Default test" finished-at="2026-06-13T11:28:06 IST" duration-ms="44894">
      <class name="tests.PagesSectionTest">
        <test-method is-config="true" signature="setUp()[pri:0, instance:tests.PagesSectionTest@618b19ad]" started-at="2026-06-13T11:27:21 IST" name="setUp" finished-at="2026-06-13T11:27:29 IST" duration-ms="8530" status="PASS">
          <reporter-output>
          </reporter-output>
        </test-method> <!-- setUp -->
        <test-method signature="verifyPagesSection()[pri:0, instance:tests.PagesSectionTest@618b19ad]" started-at="2026-06-13T11:27:29 IST" name="verifyPagesSection" finished-at="2026-06-13T11:28:02 IST" duration-ms="32592" status="PASS">
          <reporter-output>
          </reporter-output>
        </test-method> <!-- verifyPagesSection -->
        <test-method is-config="true" signature="tearDown()[pri:0, instance:tests.PagesSectionTest@618b19ad]" started-at="2026-06-13T11:28:02 IST" name="tearDown" finished-at="2026-06-13T11:28:06 IST" duration-ms="3724" status="PASS">
          <reporter-output>
          </reporter-output>
        </test-method> <!-- tearDown -->
      </class> <!-- tests.PagesSectionTest -->
    </test> <!-- Default test -->
  </suite> <!-- Default suite -->
</testng-results>
